

Microchip MPLAB XC8 Assembler V2.20 build 20200408173844 
                                                                                               Thu Sep 17 03:32:52 2020

Microchip MPLAB XC8 C Compiler v2.20 (Free license) build 20200408173844 Og1 
     1                           	processor	18F4550
     2                           	fnconf	rparam,??,?,0
     3                           	pagewidth 120
     4                           	opt	flic
     5                           	psect	idataCOMRAM,global,class=CODE,delta=1,noexec
     6                           	psect	cinit,global,reloc=2,class=CODE,delta=1
     7                           	psect	bssCOMRAM,global,class=COMRAM,space=1,delta=1,lowdata,noexec
     8                           	psect	dataCOMRAM,global,class=COMRAM,space=1,delta=1,lowdata,noexec
     9                           	psect	cstackCOMRAM,global,class=COMRAM,space=1,delta=1,lowdata,noexec
    10                           	psect	text0,global,reloc=2,class=CODE,delta=1
    11                           	psect	intcodelo,global,reloc=2,class=CODE,delta=1
    12                           	psect	intcode,global,reloc=2,class=CODE,delta=1
    13                           	psect	intcode_body,global,reloc=2,class=CODE,delta=1
    14                           	psect	intsave_regs,global,class=BIGRAM,space=1,delta=1,noexec
    15                           	psect	rparam,global,class=COMRAM,space=1,delta=1,noexec
    16                           	psect	temp,global,ovrld,common,class=COMRAM,space=1,delta=1
    17                           	psect	idloc,global,abs,ovrld,class=IDLOC,space=5,delta=1,noexec
    18                           	psect	config,global,abs,ovrld,class=CONFIG,space=4,delta=1,noexec
    19  0000                     
    20                           ; Version 2.20
    21                           ; Generated 12/02/2020 GMT
    22                           ; 
    23                           ; Copyright © 2020, Microchip Technology Inc. and its subsidiaries ("Microchip")
    24                           ; All rights reserved.
    25                           ; 
    26                           ; This software is developed by Microchip Technology Inc. and its subsidiaries ("Microch
      +                          ip").
    27                           ; 
    28                           ; Redistribution and use in source and binary forms, with or without modification, are
    29                           ; permitted provided that the following conditions are met:
    30                           ; 
    31                           ;     1. Redistributions of source code must retain the above copyright notice, this lis
      +                          t of
    32                           ;        conditions and the following disclaimer.
    33                           ; 
    34                           ;     2. Redistributions in binary form must reproduce the above copyright notice, this 
      +                          list
    35                           ;        of conditions and the following disclaimer in the documentation and/or other
    36                           ;        materials provided with the distribution.
    37                           ; 
    38                           ;     3. Microchip's name may not be used to endorse or promote products derived from th
      +                          is
    39                           ;        software without specific prior written permission.
    40                           ; 
    41                           ; THIS SOFTWARE IS PROVIDED BY MICROCHIP "AS IS" AND ANY EXPRESS OR IMPLIED WARRANTIES,
    42                           ; INCLUDING, BUT NOT LIMITED TO, THE IMPLIED WARRANTIES OF MERCHANTABILITY AND FITNESS F
      +                          OR
    43                           ; PURPOSE ARE DISCLAIMED.  IN NO EVENT SHALL MICROCHIP BE LIABLE FOR ANY DIRECT, INDIREC
      +                          T,
    44                           ; INCIDENTAL, SPECIAL, EXEMPLARY, OR CONSEQUENTIAL DAMAGES (INCLUDING BUT NOT LIMITED TO
    45                           ; PROCUREMENT OF SUBSTITUTE GOODS OR SERVICES; LOSS OF USE, DATA OR PROFITS; OR BUSINESS
    46                           ; INTERRUPTION) HOWSOEVER CAUSED AND ON ANY THEORY OF LIABILITY, WHETHER IN CONTRACT, ST
      +                          RICT
    47                           ; LIABILITY, OR TORT (INCLUDING NEGLIGENCE OR OTHERWISE) ARISING IN ANY WAY OUT OF THE U
      +                          SE OF
    48                           ; THIS SOFTWARE, EVEN IF ADVISED OF THE POSSIBILITY OF SUCH DAMAGE.
    49                           ; 
    50                           ; 
    51                           ; Code-generator required, PIC18F4550 Definitions
    52                           ; 
    53                           ; SFR Addresses
    54  0000                     
    55                           	psect	idataCOMRAM
    56  00013C                     __pidataCOMRAM:
    57                           	callstack 0
    58                           
    59                           ;initializer for _aux
    60  00013C  01                 	db	1
    61  0000                     _TMR0	set	4054
    62  0000                     _PORTBbits	set	3969
    63  0000                     _INTCON2bits	set	4081
    64  0000                     _INTCONbits	set	4082
    65  0000                     _RCONbits	set	4048
    66  0000                     _T0CONbits	set	4053
    67  0000                     _PORTD	set	3971
    68  0000                     _PORTB	set	3969
    69  0000                     _TRISD	set	3989
    70  0000                     _TRISB	set	3987
    71  0000                     _OSCCONbits	set	4051
    72                           
    73                           ; #config settings
    74                           
    75                           	psect	cinit
    76  00011E                     __pcinit:
    77                           	callstack 0
    78  00011E                     start_initialization:
    79                           	callstack 0
    80  00011E                     __initialization:
    81                           	callstack 0
    82                           
    83                           ; Initialize objects allocated to COMRAM (1 bytes)
    84                           ; load TBLPTR registers with __pidataCOMRAM
    85  00011E  0E3C               	movlw	low __pidataCOMRAM
    86  000120  6EF6               	movwf	tblptrl,c
    87  000122  0E01               	movlw	high __pidataCOMRAM
    88  000124  6EF7               	movwf	tblptrh,c
    89  000126  0E00               	movlw	low (__pidataCOMRAM shr (0+16))
    90  000128  6EF8               	movwf	tblptru,c
    91  00012A  0009               	tblrd		*+	;fetch initializer
    92  00012C  CFF5 F004          	movff	tablat,__pdataCOMRAM
    93                           
    94                           ; Clear objects allocated to COMRAM (1 bytes)
    95  000130  6A03               	clrf	__pbssCOMRAM& (0+255),c
    96  000132                     end_of_initialization:
    97                           	callstack 0
    98  000132                     __end_of__initialization:
    99                           	callstack 0
   100  000132  9005               	bcf	int$flags,0,c	;clear compiler interrupt flag (level 1)
   101  000134  9205               	bcf	int$flags,1,c	;clear compiler interrupt flag (level 2)
   102  000136  0100               	movlb	0
   103  000138  EF15  F000         	goto	_main	;jump to C main() function
   104                           
   105                           	psect	bssCOMRAM
   106  000003                     __pbssCOMRAM:
   107                           	callstack 0
   108  000003                     _piscaLED:
   109                           	callstack 0
   110  000003                     	ds	1
   111                           
   112                           	psect	dataCOMRAM
   113  000004                     __pdataCOMRAM:
   114                           	callstack 0
   115  000004                     _aux:
   116                           	callstack 0
   117  000004                     	ds	1
   118                           
   119                           	psect	cstackCOMRAM
   120  000001                     __pcstackCOMRAM:
   121                           	callstack 0
   122  000001                     ??_rotinaBaixaPrioridade:
   123                           
   124                           ; 1 bytes @ 0x0
   125  000001                     	ds	1
   126  000002                     ??_main:
   127                           
   128                           ; 1 bytes @ 0x1
   129  000002                     	ds	1
   130                           
   131 ;;
   132 ;;Main: autosize = 0, tempsize = 1, incstack = 0, save=0
   133 ;;
   134 ;; *************** function _main *****************
   135 ;; Defined at:
   136 ;;		line 92 in file "main.c"
   137 ;; Parameters:    Size  Location     Type
   138 ;;		None
   139 ;; Auto vars:     Size  Location     Type
   140 ;;		None
   141 ;; Return value:  Size  Location     Type
   142 ;;                  1    wreg      void 
   143 ;; Registers used:
   144 ;;		wreg, status,2, status,0
   145 ;; Tracked objects:
   146 ;;		On entry : 0/0
   147 ;;		On exit  : 0/0
   148 ;;		Unchanged: 0/0
   149 ;; Data sizes:     COMRAM   BANK0   BANK1   BANK2   BANK3   BANK4   BANK5   BANK6   BANK7
   150 ;;      Params:         0       0       0       0       0       0       0       0       0
   151 ;;      Locals:         0       0       0       0       0       0       0       0       0
   152 ;;      Temps:          1       0       0       0       0       0       0       0       0
   153 ;;      Totals:         1       0       0       0       0       0       0       0       0
   154 ;;Total ram usage:        1 bytes
   155 ;; Hardware stack levels required when called:    2
   156 ;; This function calls:
   157 ;;		Nothing
   158 ;; This function is called by:
   159 ;;		Startup code after reset
   160 ;; This function uses a non-reentrant model
   161 ;;
   162                           
   163                           	psect	text0
   164  00002A                     __ptext0:
   165                           	callstack 0
   166  00002A                     _main:
   167                           	callstack 29
   168  00002A                     
   169                           ;main.c: 94:     OSCCONbits.IRCF = 0b111;
   170  00002A  0E70               	movlw	112
   171  00002C  12D3               	iorwf	211,f,c	;volatile
   172                           
   173                           ;main.c: 95:     OSCCONbits.SCS = 0b11;
   174  00002E  0E03               	movlw	3
   175  000030  12D3               	iorwf	211,f,c	;volatile
   176                           
   177                           ;main.c: 100:     TRISB = 0b00001111;
   178  000032  0E0F               	movlw	15
   179  000034  6E93               	movwf	147,c	;volatile
   180                           
   181                           ;main.c: 101:     TRISD = 0x00;
   182  000036  0E00               	movlw	0
   183  000038  6E95               	movwf	149,c	;volatile
   184                           
   185                           ;main.c: 103:     PORTB = 0;
   186  00003A  0E00               	movlw	0
   187  00003C  6E81               	movwf	129,c	;volatile
   188  00003E                     
   189                           ;main.c: 104:     PORTD = 0xFF;
   190  00003E  6883               	setf	131,c	;volatile
   191  000040                     
   192                           ;main.c: 108:     T0CONbits.TMR0ON = 1;
   193  000040  8ED5               	bsf	213,7,c	;volatile
   194  000042                     
   195                           ;main.c: 109:     T0CONbits.T08BIT = 1;
   196  000042  8CD5               	bsf	213,6,c	;volatile
   197  000044                     
   198                           ;main.c: 110:     T0CONbits.T0CS = 0;
   199  000044  9AD5               	bcf	213,5,c	;volatile
   200  000046                     
   201                           ;main.c: 111:     T0CONbits.PSA = 0;
   202  000046  96D5               	bcf	213,3,c	;volatile
   203                           
   204                           ;main.c: 112:     T0CONbits.T0PS = 0b101;
   205  000048  50D5               	movf	213,w,c	;volatile
   206  00004A  0BF8               	andlw	-8
   207  00004C  0905               	iorlw	5
   208  00004E  6ED5               	movwf	213,c	;volatile
   209                           
   210                           ;main.c: 113:     TMR0 = 130;
   211  000050  0E00               	movlw	0
   212  000052  6ED7               	movwf	215,c	;volatile
   213  000054  0E82               	movlw	130
   214  000056  6ED6               	movwf	214,c	;volatile
   215  000058                     
   216                           ;main.c: 119:     RCONbits.IPEN = 1;
   217  000058  8ED0               	bsf	208,7,c	;volatile
   218  00005A                     
   219                           ;main.c: 121:     INTCONbits.TMR0IE = 1;
   220  00005A  8AF2               	bsf	242,5,c	;volatile
   221  00005C                     
   222                           ;main.c: 122:     INTCON2bits.TMR0IP = 1;
   223  00005C  84F1               	bsf	241,2,c	;volatile
   224  00005E                     
   225                           ;main.c: 125:     INTCONbits.INT0IE = 1;
   226  00005E  88F2               	bsf	242,4,c	;volatile
   227  000060                     
   228                           ;main.c: 126:     INTCON2bits.INTEDG0 = 0;
   229  000060  9CF1               	bcf	241,6,c	;volatile
   230  000062                     
   231                           ;main.c: 128:     INTCONbits.GIEH = 1;
   232  000062  8EF2               	bsf	242,7,c	;volatile
   233  000064                     
   234                           ;main.c: 129:     INTCONbits.GIEL = 1;
   235  000064  8CF2               	bsf	242,6,c	;volatile
   236  000066                     l752:
   237                           
   238                           ;main.c: 134:         if(piscaLED>=250){
   239  000066  0EF9               	movlw	249
   240  000068  6403               	cpfsgt	_piscaLED^0,c
   241  00006A  EF39  F000         	goto	u11
   242  00006E  EF3B  F000         	goto	u10
   243  000072                     u11:
   244  000072  EF33  F000         	goto	l752
   245  000076                     u10:
   246  000076                     
   247                           ;main.c: 135:             PORTBbits.RB6 = ~PORTBbits.RB6;
   248  000076  BC81               	btfsc	129,6,c	;volatile
   249  000078  EF40  F000         	goto	u21
   250  00007C  EF43  F000         	goto	u20
   251  000080                     u21:
   252  000080  0E01               	movlw	1
   253  000082  EF44  F000         	goto	u26
   254  000086                     u20:
   255  000086  0E00               	movlw	0
   256  000088                     u26:
   257  000088  0AFF               	xorlw	255
   258  00008A  6E02               	movwf	??_main^0,c
   259  00008C  3A02               	swapf	??_main^0,f,c
   260  00008E  4602               	rlncf	??_main^0,f,c
   261  000090  4602               	rlncf	??_main^0,f,c
   262  000092  5081               	movf	129,w,c	;volatile
   263  000094  1802               	xorwf	??_main^0,w,c
   264  000096  0BBF               	andlw	-65
   265  000098  1802               	xorwf	??_main^0,w,c
   266  00009A  6E81               	movwf	129,c	;volatile
   267  00009C                     
   268                           ;main.c: 136:             piscaLED = 0;
   269  00009C  0E00               	movlw	0
   270  00009E  6E03               	movwf	_piscaLED^0,c
   271  0000A0  EF33  F000         	goto	l752
   272  0000A4  EF13  F000         	goto	start
   273  0000A8                     __end_of_main:
   274                           	callstack 0
   275                           
   276 ;; *************** function _rotinaBaixaPrioridade *****************
   277 ;; Defined at:
   278 ;;		line 176 in file "main.c"
   279 ;; Parameters:    Size  Location     Type
   280 ;;		None
   281 ;; Auto vars:     Size  Location     Type
   282 ;;		None
   283 ;; Return value:  Size  Location     Type
   284 ;;                  1    wreg      void 
   285 ;; Registers used:
   286 ;;		None
   287 ;; Tracked objects:
   288 ;;		On entry : 0/0
   289 ;;		On exit  : 0/0
   290 ;;		Unchanged: 0/0
   291 ;; Data sizes:     COMRAM   BANK0   BANK1   BANK2   BANK3   BANK4   BANK5   BANK6   BANK7
   292 ;;      Params:         0       0       0       0       0       0       0       0       0
   293 ;;      Locals:         0       0       0       0       0       0       0       0       0
   294 ;;      Temps:          1       0       0       0       0       0       0       0       0
   295 ;;      Totals:         1       0       0       0       0       0       0       0       0
   296 ;;Total ram usage:        1 bytes
   297 ;; Hardware stack levels used:    1
   298 ;; Hardware stack levels required when called:    1
   299 ;; This function calls:
   300 ;;		Nothing
   301 ;; This function is called by:
   302 ;;		Interrupt level 1
   303 ;; This function uses a non-reentrant model
   304 ;;
   305                           
   306                           	psect	intcodelo
   307  000018                     __pintcodelo:
   308                           	callstack 0
   309  000018                     _rotinaBaixaPrioridade:
   310                           	callstack 29
   311                           
   312                           ;incstack = 0
   313  000018  8005               	bsf	int$flags,0,c	;set compiler interrupt flag (level 1)
   314  00001A  CFE0 F001          	movff	bsr,??_rotinaBaixaPrioridade
   315  00001E  C001  FFE0         	movff	??_rotinaBaixaPrioridade,bsr
   316  000022  9005               	bcf	int$flags,0,c	;clear compiler interrupt flag (level 1)
   317  000024  0010               	retfie	
   318  000026                     __end_of_rotinaBaixaPrioridade:
   319                           	callstack 0
   320                           
   321 ;; *************** function _rotinaAltaPrioridade *****************
   322 ;; Defined at:
   323 ;;		line 145 in file "main.c"
   324 ;; Parameters:    Size  Location     Type
   325 ;;		None
   326 ;; Auto vars:     Size  Location     Type
   327 ;;		None
   328 ;; Return value:  Size  Location     Type
   329 ;;                  1    wreg      void 
   330 ;; Registers used:
   331 ;;		wreg, status,2, status,0
   332 ;; Tracked objects:
   333 ;;		On entry : 0/0
   334 ;;		On exit  : 0/0
   335 ;;		Unchanged: 0/0
   336 ;; Data sizes:     COMRAM   BANK0   BANK1   BANK2   BANK3   BANK4   BANK5   BANK6   BANK7
   337 ;;      Params:         0       0       0       0       0       0       0       0       0
   338 ;;      Locals:         0       0       0       0       0       0       0       0       0
   339 ;;      Temps:          0       0       0       0       0       0       0       0       0
   340 ;;      Totals:         0       0       0       0       0       0       0       0       0
   341 ;;Total ram usage:        0 bytes
   342 ;; Hardware stack levels used:    1
   343 ;; This function calls:
   344 ;;		Nothing
   345 ;; This function is called by:
   346 ;;		Interrupt level 2
   347 ;; This function uses a non-reentrant model
   348 ;;
   349                           
   350                           	psect	intcode
   351  000008                     __pintcode:
   352                           	callstack 0
   353  000008                     _rotinaAltaPrioridade:
   354                           	callstack 29
   355                           
   356                           ;incstack = 0
   357  000008  8205               	bsf	int$flags,1,c	;set compiler interrupt flag (level 2)
   358  00000A  ED54  F000         	call	int_func,f	;refresh shadow registers
   359                           
   360                           	psect	intcode_body
   361  0000A8                     __pintcode_body:
   362                           	callstack 29
   363  0000A8                     int_func:
   364                           	callstack 29
   365  0000A8  0006               	pop		; remove dummy address from shadow register refresh
   366  0000AA                     
   367                           ;main.c: 146:     INTCONbits.GIEH = 0;
   368  0000AA  9EF2               	bcf	242,7,c	;volatile
   369                           
   370                           ;main.c: 148:     if(INTCONbits.INT0IF){
   371  0000AC  A2F2               	btfss	242,1,c	;volatile
   372  0000AE  EF5B  F000         	goto	i2u3_41
   373  0000B2  EF5D  F000         	goto	i2u3_40
   374  0000B6                     i2u3_41:
   375  0000B6  EF7F  F000         	goto	i2l778
   376  0000BA                     i2u3_40:
   377  0000BA                     
   378                           ;main.c: 149:         if(aux == 1){
   379  0000BA  0404               	decf	_aux^0,w,c
   380  0000BC  A4D8               	btfss	status,2,c
   381  0000BE  EF63  F000         	goto	i2u4_41
   382  0000C2  EF65  F000         	goto	i2u4_40
   383  0000C6                     i2u4_41:
   384  0000C6  EF66  F000         	goto	i2l764
   385  0000CA                     i2u4_40:
   386  0000CA                     
   387                           ;main.c: 150:             T0CONbits.TMR0ON=1;
   388  0000CA  8ED5               	bsf	213,7,c	;volatile
   389  0000CC                     i2l764:
   390                           
   391                           ;main.c: 152:         if(aux == 2){
   392  0000CC  0E02               	movlw	2
   393  0000CE  1804               	xorwf	_aux^0,w,c
   394  0000D0  A4D8               	btfss	status,2,c
   395  0000D2  EF6D  F000         	goto	i2u5_41
   396  0000D6  EF6F  F000         	goto	i2u5_40
   397  0000DA                     i2u5_41:
   398  0000DA  EF71  F000         	goto	i2l768
   399  0000DE                     i2u5_40:
   400  0000DE                     
   401                           ;main.c: 153:             T0CONbits.TMR0ON=0;
   402  0000DE  9ED5               	bcf	213,7,c	;volatile
   403                           
   404                           ;main.c: 154:             PORTBbits.RB6=1;
   405  0000E0  8C81               	bsf	129,6,c	;volatile
   406  0000E2                     i2l768:
   407                           
   408                           ;main.c: 156:         if(aux == 3){
   409  0000E2  0E03               	movlw	3
   410  0000E4  1804               	xorwf	_aux^0,w,c
   411  0000E6  A4D8               	btfss	status,2,c
   412  0000E8  EF78  F000         	goto	i2u6_41
   413  0000EC  EF7A  F000         	goto	i2u6_40
   414  0000F0                     i2u6_41:
   415  0000F0  EF7D  F000         	goto	i2l774
   416  0000F4                     i2u6_40:
   417  0000F4                     
   418                           ;main.c: 157:             PORTBbits.RB6 = 0;
   419  0000F4  9C81               	bcf	129,6,c	;volatile
   420  0000F6                     
   421                           ;main.c: 158:             aux = 0;
   422  0000F6  0E00               	movlw	0
   423  0000F8  6E04               	movwf	_aux^0,c
   424  0000FA                     i2l774:
   425                           
   426                           ;main.c: 161:         aux++;
   427  0000FA  2A04               	incf	_aux^0,f,c
   428  0000FC                     
   429                           ;main.c: 163:         INTCONbits.INT0IF = 0;
   430  0000FC  92F2               	bcf	242,1,c	;volatile
   431  0000FE                     i2l778:
   432                           
   433                           ;main.c: 167:     if(INTCONbits.TMR0IF){
   434  0000FE  A4F2               	btfss	242,2,c	;volatile
   435  000100  EF84  F000         	goto	i2u7_41
   436  000104  EF86  F000         	goto	i2u7_40
   437  000108                     i2u7_41:
   438  000108  EF8C  F000         	goto	i2l786
   439  00010C                     i2u7_40:
   440  00010C                     
   441                           ;main.c: 168:         piscaLED++;
   442  00010C  2A03               	incf	_piscaLED^0,f,c
   443  00010E                     
   444                           ;main.c: 169:         INTCONbits.TMR0IF = 0;
   445  00010E  94F2               	bcf	242,2,c	;volatile
   446  000110                     
   447                           ;main.c: 170:         TMR0 = 130;
   448  000110  0E00               	movlw	0
   449  000112  6ED7               	movwf	215,c	;volatile
   450  000114  0E82               	movlw	130
   451  000116  6ED6               	movwf	214,c	;volatile
   452  000118                     i2l786:
   453                           
   454                           ;main.c: 173:     INTCONbits.GIEH = 1;
   455  000118  8EF2               	bsf	242,7,c	;volatile
   456  00011A  9205               	bcf	int$flags,1,c	;clear compiler interrupt flag (level 2)
   457  00011C  0011               	retfie		f
   458  00011E                     __end_of_rotinaAltaPrioridade:
   459                           	callstack 0
   460  0000                     
   461                           	psect	rparam
   462  0000                     
   463                           	psect	temp
   464  000005                     btemp:
   465                           	callstack 0
   466  000005                     	ds	1
   467  0000                     int$flags	set	btemp
   468  0000                     wtemp8	set	btemp+1
   469  0000                     ttemp5	set	btemp+1
   470  0000                     ttemp6	set	btemp+4
   471  0000                     ttemp7	set	btemp+8
   472                           
   473                           	psect	idloc
   474                           
   475                           ;Config register IDLOC0 @ 0x200000
   476                           ;	unspecified, using default values
   477  200000                     	org	2097152
   478  200000  FF                 	db	255
   479                           
   480                           ;Config register IDLOC1 @ 0x200001
   481                           ;	unspecified, using default values
   482  200001                     	org	2097153
   483  200001  FF                 	db	255
   484                           
   485                           ;Config register IDLOC2 @ 0x200002
   486                           ;	unspecified, using default values
   487  200002                     	org	2097154
   488  200002  FF                 	db	255
   489                           
   490                           ;Config register IDLOC3 @ 0x200003
   491                           ;	unspecified, using default values
   492  200003                     	org	2097155
   493  200003  FF                 	db	255
   494                           
   495                           ;Config register IDLOC4 @ 0x200004
   496                           ;	unspecified, using default values
   497  200004                     	org	2097156
   498  200004  FF                 	db	255
   499                           
   500                           ;Config register IDLOC5 @ 0x200005
   501                           ;	unspecified, using default values
   502  200005                     	org	2097157
   503  200005  FF                 	db	255
   504                           
   505                           ;Config register IDLOC6 @ 0x200006
   506                           ;	unspecified, using default values
   507  200006                     	org	2097158
   508  200006  FF                 	db	255
   509                           
   510                           ;Config register IDLOC7 @ 0x200007
   511                           ;	unspecified, using default values
   512  200007                     	org	2097159
   513  200007  FF                 	db	255
   514                           
   515                           	psect	config
   516                           
   517                           ;Config register CONFIG1L @ 0x300000
   518                           ;	PLL Prescaler Selection bits
   519                           ;	PLLDIV = 1, No prescale (4 MHz oscillator input drives PLL directly)
   520                           ;	System Clock Postscaler Selection bits
   521                           ;	CPUDIV = OSC1_PLL2, [Primary Oscillator Src: /1][96 MHz PLL Src: /2]
   522                           ;	USB Clock Selection bit (used in Full-Speed USB mode only; UCFG:FSEN = 1)
   523                           ;	USBDIV = 1, USB clock source comes directly from the primary oscillator block with no 
      +                          postscale
   524  300000                     	org	3145728
   525  300000  00                 	db	0
   526                           
   527                           ;Config register CONFIG1H @ 0x300001
   528                           ;	Oscillator Selection bits
   529                           ;	FOSC = INTOSCIO_EC, Internal oscillator, port function on RA6, EC used by USB (INTIO)
   530                           ;	Fail-Safe Clock Monitor Enable bit
   531                           ;	FCMEN = OFF, Fail-Safe Clock Monitor disabled
   532                           ;	Internal/External Oscillator Switchover bit
   533                           ;	IESO = OFF, Oscillator Switchover mode disabled
   534  300001                     	org	3145729
   535  300001  08                 	db	8
   536                           
   537                           ;Config register CONFIG2L @ 0x300002
   538                           ;	Power-up Timer Enable bit
   539                           ;	PWRT = OFF, PWRT disabled
   540                           ;	Brown-out Reset Enable bits
   541                           ;	BOR = OFF, Brown-out Reset disabled in hardware and software
   542                           ;	Brown-out Reset Voltage bits
   543                           ;	BORV = 3, Minimum setting 2.05V
   544                           ;	USB Voltage Regulator Enable bit
   545                           ;	VREGEN = OFF, USB voltage regulator disabled
   546  300002                     	org	3145730
   547  300002  19                 	db	25
   548                           
   549                           ;Config register CONFIG2H @ 0x300003
   550                           ;	Watchdog Timer Enable bit
   551                           ;	WDT = OFF, WDT disabled (control is placed on the SWDTEN bit)
   552                           ;	Watchdog Timer Postscale Select bits
   553                           ;	WDTPS = 32768, 1:32768
   554  300003                     	org	3145731
   555  300003  1E                 	db	30
   556                           
   557                           ; Padding undefined space
   558  300004                     	org	3145732
   559  300004  FF                 	db	255
   560                           
   561                           ;Config register CONFIG3H @ 0x300005
   562                           ;	CCP2 MUX bit
   563                           ;	CCP2MX = ON, CCP2 input/output is multiplexed with RC1
   564                           ;	PORTB A/D Enable bit
   565                           ;	PBADEN = OFF, PORTB<4:0> pins are configured as digital I/O on Reset
   566                           ;	Low-Power Timer 1 Oscillator Enable bit
   567                           ;	LPT1OSC = OFF, Timer1 configured for higher power operation
   568                           ;	MCLR Pin Enable bit
   569                           ;	MCLRE = ON, MCLR pin enabled; RE3 input pin disabled
   570  300005                     	org	3145733
   571  300005  81                 	db	129
   572                           
   573                           ;Config register CONFIG4L @ 0x300006
   574                           ;	Stack Full/Underflow Reset Enable bit
   575                           ;	STVREN = ON, Stack full/underflow will cause Reset
   576                           ;	Single-Supply ICSP Enable bit
   577                           ;	LVP = ON, Single-Supply ICSP enabled
   578                           ;	Dedicated In-Circuit Debug/Programming Port (ICPORT) Enable bit
   579                           ;	ICPRT = OFF, ICPORT disabled
   580                           ;	Extended Instruction Set Enable bit
   581                           ;	XINST = OFF, Instruction set extension and Indexed Addressing mode disabled (Legacy mo
      +                          de)
   582                           ;	Background Debugger Enable bit
   583                           ;	DEBUG = 0x1, unprogrammed default
   584  300006                     	org	3145734
   585  300006  85                 	db	133
   586                           
   587                           ; Padding undefined space
   588  300007                     	org	3145735
   589  300007  FF                 	db	255
   590                           
   591                           ;Config register CONFIG5L @ 0x300008
   592                           ;	Code Protection bit
   593                           ;	CP0 = OFF, Block 0 (000800-001FFFh) is not code-protected
   594                           ;	Code Protection bit
   595                           ;	CP1 = OFF, Block 1 (002000-003FFFh) is not code-protected
   596                           ;	Code Protection bit
   597                           ;	CP2 = OFF, Block 2 (004000-005FFFh) is not code-protected
   598                           ;	Code Protection bit
   599                           ;	CP3 = OFF, Block 3 (006000-007FFFh) is not code-protected
   600  300008                     	org	3145736
   601  300008  0F                 	db	15
   602                           
   603                           ;Config register CONFIG5H @ 0x300009
   604                           ;	Boot Block Code Protection bit
   605                           ;	CPB = OFF, Boot block (000000-0007FFh) is not code-protected
   606                           ;	Data EEPROM Code Protection bit
   607                           ;	CPD = OFF, Data EEPROM is not code-protected
   608  300009                     	org	3145737
   609  300009  C0                 	db	192
   610                           
   611                           ;Config register CONFIG6L @ 0x30000A
   612                           ;	Write Protection bit
   613                           ;	WRT0 = OFF, Block 0 (000800-001FFFh) is not write-protected
   614                           ;	Write Protection bit
   615                           ;	WRT1 = OFF, Block 1 (002000-003FFFh) is not write-protected
   616                           ;	Write Protection bit
   617                           ;	WRT2 = OFF, Block 2 (004000-005FFFh) is not write-protected
   618                           ;	Write Protection bit
   619                           ;	WRT3 = OFF, Block 3 (006000-007FFFh) is not write-protected
   620  30000A                     	org	3145738
   621  30000A  0F                 	db	15
   622                           
   623                           ;Config register CONFIG6H @ 0x30000B
   624                           ;	Configuration Register Write Protection bit
   625                           ;	WRTC = OFF, Configuration registers (300000-3000FFh) are not write-protected
   626                           ;	Boot Block Write Protection bit
   627                           ;	WRTB = OFF, Boot block (000000-0007FFh) is not write-protected
   628                           ;	Data EEPROM Write Protection bit
   629                           ;	WRTD = OFF, Data EEPROM is not write-protected
   630  30000B                     	org	3145739
   631  30000B  E0                 	db	224
   632                           
   633                           ;Config register CONFIG7L @ 0x30000C
   634                           ;	Table Read Protection bit
   635                           ;	EBTR0 = OFF, Block 0 (000800-001FFFh) is not protected from table reads executed in ot
      +                          her blocks
   636                           ;	Table Read Protection bit
   637                           ;	EBTR1 = OFF, Block 1 (002000-003FFFh) is not protected from table reads executed in ot
      +                          her blocks
   638                           ;	Table Read Protection bit
   639                           ;	EBTR2 = OFF, Block 2 (004000-005FFFh) is not protected from table reads executed in ot
      +                          her blocks
   640                           ;	Table Read Protection bit
   641                           ;	EBTR3 = OFF, Block 3 (006000-007FFFh) is not protected from table reads executed in ot
      +                          her blocks
   642  30000C                     	org	3145740
   643  30000C  0F                 	db	15
   644                           
   645                           ;Config register CONFIG7H @ 0x30000D
   646                           ;	Boot Block Table Read Protection bit
   647                           ;	EBTRB = OFF, Boot block (000000-0007FFh) is not protected from table reads executed in
      +                           other blocks
   648  30000D                     	org	3145741
   649  30000D  40                 	db	64
   650                           tosu	equ	0xFFF
   651                           tosh	equ	0xFFE
   652                           tosl	equ	0xFFD
   653                           stkptr	equ	0xFFC
   654                           pclatu	equ	0xFFB
   655                           pclath	equ	0xFFA
   656                           pcl	equ	0xFF9
   657                           tblptru	equ	0xFF8
   658                           tblptrh	equ	0xFF7
   659                           tblptrl	equ	0xFF6
   660                           tablat	equ	0xFF5
   661                           prodh	equ	0xFF4
   662                           prodl	equ	0xFF3
   663                           indf0	equ	0xFEF
   664                           postinc0	equ	0xFEE
   665                           postdec0	equ	0xFED
   666                           preinc0	equ	0xFEC
   667                           plusw0	equ	0xFEB
   668                           fsr0h	equ	0xFEA
   669                           fsr0l	equ	0xFE9
   670                           wreg	equ	0xFE8
   671                           indf1	equ	0xFE7
   672                           postinc1	equ	0xFE6
   673                           postdec1	equ	0xFE5
   674                           preinc1	equ	0xFE4
   675                           plusw1	equ	0xFE3
   676                           fsr1h	equ	0xFE2
   677                           fsr1l	equ	0xFE1
   678                           bsr	equ	0xFE0
   679                           indf2	equ	0xFDF
   680                           postinc2	equ	0xFDE
   681                           postdec2	equ	0xFDD
   682                           preinc2	equ	0xFDC
   683                           plusw2	equ	0xFDB
   684                           fsr2h	equ	0xFDA
   685                           fsr2l	equ	0xFD9
   686                           status	equ	0xFD8

Data Sizes:
    Strings     0
    Constant    0
    Data        1
    BSS         1
    Persistent  0
    Stack       0

Auto Spaces:
    Space          Size  Autos    Used
    COMRAM           94      2       4
    BANK0           160      0       0
    BANK1           256      0       0
    BANK2           256      0       0
    BANK3           256      0       0
    BANK4           256      0       0
    BANK5           256      0       0
    BANK6           256      0       0
    BANK7           256      0       0

Pointer List with Targets:

    None.

Critical Paths under _main in COMRAM

    None.

Critical Paths under _rotinaBaixaPrioridade in COMRAM

    None.

Critical Paths under _rotinaAltaPrioridade in COMRAM

    None.

Critical Paths under _main in BANK0

    None.

Critical Paths under _rotinaBaixaPrioridade in BANK0

    None.

Critical Paths under _rotinaAltaPrioridade in BANK0

    None.

Critical Paths under _main in BANK1

    None.

Critical Paths under _rotinaBaixaPrioridade in BANK1

    None.

Critical Paths under _rotinaAltaPrioridade in BANK1

    None.

Critical Paths under _main in BANK2

    None.

Critical Paths under _rotinaBaixaPrioridade in BANK2

    None.

Critical Paths under _rotinaAltaPrioridade in BANK2

    None.

Critical Paths under _main in BANK3

    None.

Critical Paths under _rotinaBaixaPrioridade in BANK3

    None.

Critical Paths under _rotinaAltaPrioridade in BANK3

    None.

Critical Paths under _main in BANK4

    None.

Critical Paths under _rotinaBaixaPrioridade in BANK4

    None.

Critical Paths under _rotinaAltaPrioridade in BANK4

    None.

Critical Paths under _main in BANK5

    None.

Critical Paths under _rotinaBaixaPrioridade in BANK5

    None.

Critical Paths under _rotinaAltaPrioridade in BANK5

    None.

Critical Paths under _main in BANK6

    None.

Critical Paths under _rotinaBaixaPrioridade in BANK6

    None.

Critical Paths under _rotinaAltaPrioridade in BANK6

    None.

Critical Paths under _main in BANK7

    None.

Critical Paths under _rotinaBaixaPrioridade in BANK7

    None.

Critical Paths under _rotinaAltaPrioridade in BANK7

    None.

Call Graph Tables:

 ---------------------------------------------------------------------------------
 (Depth) Function   	        Calls       Base Space   Used Autos Params    Refs
 ---------------------------------------------------------------------------------
 (0) _main                                                 1     1      0       0
                                              1 COMRAM     1     1      0
 ---------------------------------------------------------------------------------
 Estimated maximum stack depth 0
 ---------------------------------------------------------------------------------
 (Depth) Function   	        Calls       Base Space   Used Autos Params    Refs
 ---------------------------------------------------------------------------------
 (1) _rotinaBaixaPrioridade                                1     1      0       0
                                              0 COMRAM     1     1      0
 ---------------------------------------------------------------------------------
 Estimated maximum stack depth 1
 ---------------------------------------------------------------------------------
 (Depth) Function   	        Calls       Base Space   Used Autos Params    Refs
 ---------------------------------------------------------------------------------
 (2) _rotinaAltaPrioridade                                 0     0      0       0
 ---------------------------------------------------------------------------------
 Estimated maximum stack depth 2
 ---------------------------------------------------------------------------------

 Call Graph Graphs:

 _main (ROOT)

 _rotinaBaixaPrioridade (ROOT)

 _rotinaAltaPrioridade (ROOT)

 Address spaces:
Name               Size   Autos  Total    Cost      Usage
BIGRAM             7FF      0       0      21        0.0%
EEDATA             100      0       0       0        0.0%
BITBANK7           100      0       0      18        0.0%
BANK7              100      0       0      19        0.0%
BITBANK6           100      0       0      16        0.0%
BANK6              100      0       0      17        0.0%
BITBANK5           100      0       0      14        0.0%
BANK5              100      0       0      15        0.0%
BITBANK4           100      0       0      12        0.0%
BANK4              100      0       0      13        0.0%
BITBANK3           100      0       0      10        0.0%
BANK3              100      0       0      11        0.0%
BITBANK2           100      0       0       8        0.0%
BANK2              100      0       0       9        0.0%
BITBANK1           100      0       0       6        0.0%
BANK1              100      0       0       7        0.0%
BITBANK0            A0      0       0       4        0.0%
BANK0               A0      0       0       5        0.0%
BITCOMRAM           5E      0       0       0        0.0%
COMRAM              5E      2       4       1        4.3%
BITSFR               0      0       0     200        0.0%
SFR                  0      0       0     200        0.0%
STACK                0      0       0       2        0.0%
NULL                 0      0       0       0        0.0%
ABS                  0      0       4      20        0.0%
DATA                 0      0       4       3        0.0%
CODE                 0      0       0       0        0.0%


Microchip Technology PIC18 Macro Assembler V2.20 build 20200408173844 
Symbol Table                                                                                   Thu Sep 17 03:32:52 2020

          _rotinaAltaPrioridade 0008                              u10 0076                              u11 0072  
                            u20 0086                              u21 0080                              u26 0088  
                            bsr 000FE0                             l730 0040                             l740 005A  
                           l732 0042                             l750 0064                             l742 005C  
                           l734 0044                             l726 002A                             l752 0066  
                           l744 005E                             l736 0046                             l728 003E  
                           l754 0076                             l746 0060                             l738 0058  
                           l756 009C                             l748 0062                             _aux 0004  
                          i1l50 001E                            i2l45 011A                            _TMR0 000FD6  
                          _main 002A                            btemp 0005                            start 0026  
                  ___param_bank 000000           ?_rotinaAltaPrioridade 0001                           ?_main 0001  
                         i2l760 00BA                           i2l770 00F4                           i2l762 00CA  
                         i2l780 010C                           i2l772 00F6                           i2l764 00CC  
                         i2l782 010E                           i2l774 00FA                           i2l766 00DE  
                         i2l758 00AA                           i2l784 0110                           i2l776 00FC  
                         i2l768 00E2                           i2l786 0118                           i2l778 00FE  
                         _PORTB 000F81                           _PORTD 000F83                           _TRISB 000F93  
                         _TRISD 000F95                           tablat 000FF5                           ttemp5 0006  
                         ttemp6 0009                           ttemp7 000D                           status 000FD8  
                         wtemp8 0006                 __initialization 011E                    __end_of_main 00A8  
                        ??_main 0002                   __activetblptr 000000                          i2u3_40 00BA  
                        i2u3_41 00B6                          i2u4_40 00CA                          i2u4_41 00C6  
                        i2u5_40 00DE                          i2u5_41 00DA                          i2u6_40 00F4  
                        i2u6_41 00F0                          i2u7_40 010C                          i2u7_41 0108  
        ??_rotinaAltaPrioridade 0001                    __pdataCOMRAM 0004                          tblptrh 000FF7  
                        tblptrl 000FF6                          tblptru 000FF8         ??_rotinaBaixaPrioridade 0001  
                    __accesstop 0060         __end_of__initialization 0132                   ___rparam_used 000001  
                __pcstackCOMRAM 0001                         __Hparam 0000                         __Lparam 0000  
                       __pcinit 011E                         __ramtop 0800                         __ptext0 002A  
                     _T0CONbits 000FD5                  __pintcode_body 00A8            end_of_initialization 0132  
                       int_func 00A8                       _PORTBbits 000F81  __size_of_rotinaBaixaPrioridade 000E  
 __end_of_rotinaBaixaPrioridade 0026   __size_of_rotinaAltaPrioridade 0116                   __pidataCOMRAM 013C  
           start_initialization 011E                     __pbssCOMRAM 0003                       __pintcode 0008  
                   __pintcodelo 0018                        _RCONbits 000FD0                     _INTCON2bits 000FF1  
                      __Hrparam 0000                        __Lrparam 0000    __end_of_rotinaAltaPrioridade 011E  
                 __size_of_main 007E           _rotinaBaixaPrioridade 0018                        _piscaLED 0003  
                      int$flags 0005                      _INTCONbits 000FF2                        intlevel1 0000  
                      intlevel2 0000                      _OSCCONbits 000FD3          ?_rotinaBaixaPrioridade 0001  
